Creating user "openstack" ...
Error: user_already_exists: openstack
Setting permissions for user "openstack" in vhost "/" ...
...done.
success
success
+ mysql -u root -pSuper123
+ . admin-openrc
++ export OS_PROJECT_DOMAIN_NAME=default
++ OS_PROJECT_DOMAIN_NAME=default
++ export OS_USER_DOMAIN_NAME=default
++ OS_USER_DOMAIN_NAME=default
++ export OS_PROJECT_NAME=admin
++ OS_PROJECT_NAME=admin
++ export OS_USERNAME=admin
++ OS_USERNAME=admin
++ export OS_PASSWORD=Super123
++ OS_PASSWORD=Super123
++ export OS_AUTH_URL=http://controller:35357/v3
++ OS_AUTH_URL=http://controller:35357/v3
++ export OS_IDENTITY_API_VERSION=3
++ OS_IDENTITY_API_VERSION=3
++ export OS_IMAGE_API_VERSION=2
++ OS_IMAGE_API_VERSION=2
+ yum -y install expect
Loaded plugins: fastestmirror, priorities
Loading mirror speeds from cached hostfile
 * base: mirror.pac-12.org
 * extras: centos.den.host-engine.com
 * updates: centos.mirror.lstn.net
1368 packages excluded due to repository priority protections
Package expect-5.45-14.el7_1.x86_64 already installed and latest version
Nothing to do
+ ./sub_computeuser_create.sh
spawn openstack user create --domain default --password-prompt nova
The request you have made requires authentication. (HTTP 401) (Request-ID: req-e47c7874-64f5-443e-88bf-e39c7d790643)
expect: spawn id exp6 not open
    while executing
"expect "*Password*:" { send "Super123\r" }"
    (file "./sub_computeuser_create.sh" line 7)
+ openstack role add --project service --user nova admin
The request you have made requires authentication. (HTTP 401) (Request-ID: req-0d47e4df-ff2d-47a9-a0e0-b3d7d211adc1)
+ openstack service create --name nova --description 'OpenStack Compute' compute
The request you have made requires authentication. (HTTP 401) (Request-ID: req-8bbf07b6-1e37-4c3a-b01d-858cf2ae4da4)
+ openstack endpoint create --region RegionOne compute public 'http://controller:8774/v2.1/%(tenant_id)s'
The request you have made requires authentication. (HTTP 401) (Request-ID: req-090bfb19-55b7-44b5-8fba-f89d36e709f8)
+ openstack endpoint create --region RegionOne compute internal 'http://controller:8774/v2.1/%(tenant_id)s'
The request you have made requires authentication. (HTTP 401) (Request-ID: req-dc4169d3-ea9e-4019-b7cd-4e0551b53e6a)
+ openstack endpoint create --region RegionOne compute admin 'http://controller:8774/v2.1/%(tenant_id)s'
The request you have made requires authentication. (HTTP 401) (Request-ID: req-48a3e7cb-7450-47b7-864d-4042be6c886e)
+ yum install -y openstack-nova-api openstack-nova-conductor openstack-nova-console openstack-nova-novncproxy openstack-nova-scheduler
Loaded plugins: fastestmirror, priorities
Loading mirror speeds from cached hostfile
 * base: mirror.pac-12.org
 * extras: centos.den.host-engine.com
 * updates: centos.mirror.lstn.net
1368 packages excluded due to repository priority protections
Resolving Dependencies
--> Running transaction check
---> Package openstack-nova-api.noarch 1:13.0.0.0b4-0.20160304162843.c5a45a2.el7.centos will be installed
--> Processing Dependency: openstack-nova-common = 1:13.0.0.0b4-0.20160304162843.c5a45a2.el7.centos for package: 1:openstack-nova-api-13.0.0.0b4-0.20160304162843.c5a45a2.el7.centos.noarch
---> Package openstack-nova-conductor.noarch 1:13.0.0.0b4-0.20160304162843.c5a45a2.el7.centos will be installed
---> Package openstack-nova-console.noarch 1:13.0.0.0b4-0.20160304162843.c5a45a2.el7.centos will be installed
--> Processing Dependency: python-websockify for package: 1:openstack-nova-console-13.0.0.0b4-0.20160304162843.c5a45a2.el7.centos.noarch
---> Package openstack-nova-novncproxy.noarch 1:13.0.0.0b4-0.20160304162843.c5a45a2.el7.centos will be installed
--> Processing Dependency: novnc for package: 1:openstack-nova-novncproxy-13.0.0.0b4-0.20160304162843.c5a45a2.el7.centos.noarch
---> Package openstack-nova-scheduler.noarch 1:13.0.0.0b4-0.20160304162843.c5a45a2.el7.centos will be installed
--> Running transaction check
---> Package novnc.noarch 0:0.5.1-2.el7 will be installed
---> Package openstack-nova-common.noarch 1:13.0.0.0b4-0.20160304162843.c5a45a2.el7.centos will be installed
--> Processing Dependency: python-nova = 1:13.0.0.0b4-0.20160304162843.c5a45a2.el7.centos for package: 1:openstack-nova-common-13.0.0.0b4-0.20160304162843.c5a45a2.el7.centos.noarch
---> Package python-websockify.noarch 0:0.6.0-2.el7 will be installed
--> Running transaction check
---> Package python-nova.noarch 1:13.0.0.0b4-0.20160304162843.c5a45a2.el7.centos will be installed
--> Processing Dependency: python-oslo-versionedobjects >= 1.4.0 for package: 1:python-nova-13.0.0.0b4-0.20160304162843.c5a45a2.el7.centos.noarch
--> Processing Dependency: python-oslo-reports >= 0.6.0 for package: 1:python-nova-13.0.0.0b4-0.20160304162843.c5a45a2.el7.centos.noarch
--> Processing Dependency: python-rfc3986 for package: 1:python-nova-13.0.0.0b4-0.20160304162843.c5a45a2.el7.centos.noarch
--> Processing Dependency: python-psutil for package: 1:python-nova-13.0.0.0b4-0.20160304162843.c5a45a2.el7.centos.noarch
--> Processing Dependency: python-paramiko for package: 1:python-nova-13.0.0.0b4-0.20160304162843.c5a45a2.el7.centos.noarch
--> Processing Dependency: python-os-brick for package: 1:python-nova-13.0.0.0b4-0.20160304162843.c5a45a2.el7.centos.noarch
--> Processing Dependency: python-lxml for package: 1:python-nova-13.0.0.0b4-0.20160304162843.c5a45a2.el7.centos.noarch
--> Processing Dependency: python-cheetah for package: 1:python-nova-13.0.0.0b4-0.20160304162843.c5a45a2.el7.centos.noarch
--> Running transaction check
---> Package python-cheetah.x86_64 0:2.4.4-5.el7.centos will be installed
--> Processing Dependency: python-pygments for package: python-cheetah-2.4.4-5.el7.centos.x86_64
--> Processing Dependency: python-markdown for package: python-cheetah-2.4.4-5.el7.centos.x86_64
---> Package python-lxml.x86_64 0:3.2.1-4.el7 will be installed
--> Processing Dependency: libxslt.so.1(LIBXML2_1.1.9)(64bit) for package: python-lxml-3.2.1-4.el7.x86_64
--> Processing Dependency: libxslt.so.1(LIBXML2_1.1.26)(64bit) for package: python-lxml-3.2.1-4.el7.x86_64
--> Processing Dependency: libxslt.so.1(LIBXML2_1.1.2)(64bit) for package: python-lxml-3.2.1-4.el7.x86_64
--> Processing Dependency: libxslt.so.1(LIBXML2_1.0.24)(64bit) for package: python-lxml-3.2.1-4.el7.x86_64
--> Processing Dependency: libxslt.so.1(LIBXML2_1.0.22)(64bit) for package: python-lxml-3.2.1-4.el7.x86_64
--> Processing Dependency: libxslt.so.1(LIBXML2_1.0.18)(64bit) for package: python-lxml-3.2.1-4.el7.x86_64
--> Processing Dependency: libxslt.so.1(LIBXML2_1.0.11)(64bit) for package: python-lxml-3.2.1-4.el7.x86_64
--> Processing Dependency: libxslt.so.1()(64bit) for package: python-lxml-3.2.1-4.el7.x86_64
--> Processing Dependency: libexslt.so.0()(64bit) for package: python-lxml-3.2.1-4.el7.x86_64
---> Package python-paramiko.noarch 0:1.15.1-1.el7 will be installed
--> Processing Dependency: python-ecdsa for package: python-paramiko-1.15.1-1.el7.noarch
---> Package python-psutil.x86_64 0:1.2.1-1.el7 will be installed
---> Package python-rfc3986.noarch 0:0.2.0-1.el7 will be installed
---> Package python2-os-brick.noarch 0:1.1.1-0.20160303100740.cdc2531.el7.centos will be installed
---> Package python2-oslo-reports.noarch 0:1.6.1-0.20160226065613.da70fe7.el7.centos will be installed
---> Package python2-oslo-versionedobjects.noarch 0:1.7.1-0.20160303144806.c459d5e.el7.centos will be installed
--> Processing Dependency: python-mock for package: python2-oslo-versionedobjects-1.7.1-0.20160303144806.c459d5e.el7.centos.noarch
--> Running transaction check
---> Package libxslt.x86_64 0:1.1.28-5.el7 will be installed
---> Package python-ecdsa.noarch 0:0.11-3.el7 will be installed
---> Package python-markdown.noarch 0:2.4.1-1.el7.centos will be installed
---> Package python-pygments.noarch 0:2.0.2-4.el7 will be installed
--> Processing Dependency: python-imaging for package: python-pygments-2.0.2-4.el7.noarch
---> Package python2-mock.noarch 0:1.3.0-1.el7 will be installed
--> Running transaction check
---> Package python-pillow.x86_64 0:2.0.0-19.gitd1c6db8.el7 will be installed
--> Processing Dependency: libtiff.so.5(LIBTIFF_4.0)(64bit) for package: python-pillow-2.0.0-19.gitd1c6db8.el7.x86_64
--> Processing Dependency: libjpeg.so.62(LIBJPEG_6.2)(64bit) for package: python-pillow-2.0.0-19.gitd1c6db8.el7.x86_64
--> Processing Dependency: libwebp.so.4()(64bit) for package: python-pillow-2.0.0-19.gitd1c6db8.el7.x86_64
--> Processing Dependency: libtiff.so.5()(64bit) for package: python-pillow-2.0.0-19.gitd1c6db8.el7.x86_64
--> Processing Dependency: libjpeg.so.62()(64bit) for package: python-pillow-2.0.0-19.gitd1c6db8.el7.x86_64
--> Running transaction check
---> Package libjpeg-turbo.x86_64 0:1.2.90-5.el7 will be installed
---> Package libtiff.x86_64 0:4.0.3-14.el7 will be installed
--> Processing Dependency: libjbig.so.2.0()(64bit) for package: libtiff-4.0.3-14.el7.x86_64
---> Package libwebp.x86_64 0:0.3.0-3.el7 will be installed
--> Running transaction check
---> Package jbigkit-libs.x86_64 0:2.0-11.el7 will be installed
--> Finished Dependency Resolution

Dependencies Resolved

================================================================================
 Package                    Arch   Version        Repository               Size
================================================================================
Installing:
 openstack-nova-api         noarch 1:13.0.0.0b4-0.20160304162843.c5a45a2.el7.centos
                                                  delorean                5.5 k
 openstack-nova-conductor   noarch 1:13.0.0.0b4-0.20160304162843.c5a45a2.el7.centos
                                                  delorean                4.1 k
 openstack-nova-console     noarch 1:13.0.0.0b4-0.20160304162843.c5a45a2.el7.centos
                                                  delorean                5.1 k
 openstack-nova-novncproxy  noarch 1:13.0.0.0b4-0.20160304162843.c5a45a2.el7.centos
                                                  delorean                4.6 k
 openstack-nova-scheduler   noarch 1:13.0.0.0b4-0.20160304162843.c5a45a2.el7.centos
                                                  delorean                4.1 k
Installing for dependencies:
 jbigkit-libs               x86_64 2.0-11.el7     base                     46 k
 libjpeg-turbo              x86_64 1.2.90-5.el7   base                    134 k
 libtiff                    x86_64 4.0.3-14.el7   base                    167 k
 libwebp                    x86_64 0.3.0-3.el7    base                    170 k
 libxslt                    x86_64 1.1.28-5.el7   base                    242 k
 novnc                      noarch 0.5.1-2.el7    delorean-mitaka-testing 175 k
 openstack-nova-common      noarch 1:13.0.0.0b4-0.20160304162843.c5a45a2.el7.centos
                                                  delorean                 79 k
 python-cheetah             x86_64 2.4.4-5.el7.centos
                                                  extras                  341 k
 python-ecdsa               noarch 0.11-3.el7     delorean-mitaka-testing  68 k
 python-lxml                x86_64 3.2.1-4.el7    base                    758 k
 python-markdown            noarch 2.4.1-1.el7.centos
                                                  extras                  186 k
 python-nova                noarch 1:13.0.0.0b4-0.20160304162843.c5a45a2.el7.centos
                                                  delorean                2.9 M
 python-paramiko            noarch 1.15.1-1.el7   delorean-mitaka-testing 998 k
 python-pillow              x86_64 2.0.0-19.gitd1c6db8.el7
                                                  base                    438 k
 python-psutil              x86_64 1.2.1-1.el7    delorean-mitaka-testing 106 k
 python-pygments            noarch 2.0.2-4.el7    delorean-mitaka-testing 1.6 M
 python-rfc3986             noarch 0.2.0-1.el7    delorean-mitaka-testing  19 k
 python-websockify          noarch 0.6.0-2.el7    delorean-mitaka-testing  61 k
 python2-mock               noarch 1.3.0-1.el7    delorean-mitaka-testing 123 k
 python2-os-brick           noarch 1.1.1-0.20160303100740.cdc2531.el7.centos
                                                  delorean                257 k
 python2-oslo-reports       noarch 1.6.1-0.20160226065613.da70fe7.el7.centos
                                                  delorean                 50 k
 python2-oslo-versionedobjects
                            noarch 1.7.1-0.20160303144806.c459d5e.el7.centos
                                                  delorean                 68 k

Transaction Summary
================================================================================
Install  5 Packages (+22 Dependent packages)

Total download size: 8.8 M
Installed size: 36 M
Downloading packages:


Exiting on user cancel
+ openstack-config --set /etc/nova/nova.conf DEFAULT enabled_apis osapi_compute,metadata
[Errno 2] No such file or directory: '/etc/nova/nova.conf'
+ openstack-config --set /etc/nova/nova.conf DEFAULT rpc_backend rabbit
[Errno 2] No such file or directory: '/etc/nova/nova.conf'
+ openstack-config --set /etc/nova/nova.conf DEFAULT auth_strategy keystone
[Errno 2] No such file or directory: '/etc/nova/nova.conf'
+ openstack-config --set /etc/nova/nova.conf DEFAULT my_ip 10.0.0.11
[Errno 2] No such file or directory: '/etc/nova/nova.conf'
+ openstack-config --set /etc/nova/nova.conf DEFAULT use_neutron True
[Errno 2] No such file or directory: '/etc/nova/nova.conf'
+ openstack-config --set /etc/nova/nova.conf DEFAULT firewall_driver nova.virt.firewall.NoopFirewallDriver
[Errno 2] No such file or directory: '/etc/nova/nova.conf'
+ openstack-config --set /etc/nova/nova.conf api_database connection mysql+pymysql://nova:Super123@controller/nova_api
[Errno 2] No such file or directory: '/etc/nova/nova.conf'
+ openstack-config --set /etc/nova/nova.conf database connection mysql+pymysql://nova:Super123@controller/nova
[Errno 2] No such file or directory: '/etc/nova/nova.conf'
+ openstack-config --set /etc/nova/nova.conf oslo_messaging_rabbit rabbit_host controller
[Errno 2] No such file or directory: '/etc/nova/nova.conf'
+ openstack-config --set /etc/nova/nova.conf oslo_messaging_rabbit rabbit_userid openstack
[Errno 2] No such file or directory: '/etc/nova/nova.conf'
+ openstack-config --set /etc/nova/nova.conf oslo_messaging_rabbit rabbit_password Super123
[Errno 2] No such file or directory: '/etc/nova/nova.conf'
+ openstack-config --set /etc/nova/nova.conf keystone_authtoken auth_uri http://controller:5000
[Errno 2] No such file or directory: '/etc/nova/nova.conf'
+ openstack-config --set /etc/nova/nova.conf keystone_authtoken auth_url http://controller:35357
[Errno 2] No such file or directory: '/etc/nova/nova.conf'
+ openstack-config --set /etc/nova/nova.conf keystone_authtoken memcached_servers controller:11211
[Errno 2] No such file or directory: '/etc/nova/nova.conf'
+ openstack-config --set /etc/nova/nova.conf keystone_authtoken auth_type password
[Errno 2] No such file or directory: '/etc/nova/nova.conf'
+ openstack-config --set /etc/nova/nova.conf keystone_authtoken project_domain_name default
[Errno 2] No such file or directory: '/etc/nova/nova.conf'
+ openstack-config --set /etc/nova/nova.conf keystone_authtoken user_domain_name default
[Errno 2] No such file or directory: '/etc/nova/nova.conf'
+ openstack-config --set /etc/nova/nova.conf keystone_authtoken project_name service
[Errno 2] No such file or directory: '/etc/nova/nova.conf'
+ openstack-config --set /etc/nova/nova.conf keystone_authtoken username nova
[Errno 2] No such file or directory: '/etc/nova/nova.conf'
+ openstack-config --set /etc/nova/nova.conf keystone_authtoken password Super123
[Errno 2] No such file or directory: '/etc/nova/nova.conf'
+ openstack-config --set /etc/nova/nova.conf vnc vncserver_listen 10.0.0.11
[Errno 2] No such file or directory: '/etc/nova/nova.conf'
+ openstack-config --set /etc/nova/nova.conf vnc vncserver_proxyclient_address 10.0.0.11
[Errno 2] No such file or directory: '/etc/nova/nova.conf'
+ openstack-config --set /etc/nova/nova.conf glance api_servers http://controller:9292
[Errno 2] No such file or directory: '/etc/nova/nova.conf'
+ openstack-config --set /etc/nova/nova.conf oslo_concurrency lock_path /var/lib/nova/tmp
[Errno 2] No such file or directory: '/etc/nova/nova.conf'
+ su -s /bin/sh -c 'nova-manage api_db sync' nova
su: user nova does not exist
+ su -s /bin/sh -c 'nova-manage db sync' nova
su: user nova does not exist
+ systemctl enable openstack-nova-api.service openstack-nova-consoleauth.service openstack-nova-scheduler.service openstack-nova-conductor.service openstack-nova-novncproxy.service
Failed to execute operation: Access denied
+ systemctl start openstack-nova-api.service openstack-nova-consoleauth.service openstack-nova-scheduler.service openstack-nova-conductor.service openstack-nova-novncproxy.service
Failed to start openstack-nova-api.service: Unit openstack-nova-api.service failed to load: No such file or directory.
Failed to start openstack-nova-consoleauth.service: Unit openstack-nova-consoleauth.service failed to load: No such file or directory.
Failed to start openstack-nova-scheduler.service: Unit openstack-nova-scheduler.service failed to load: No such file or directory.
Failed to start openstack-nova-conductor.service: Unit openstack-nova-conductor.service failed to load: No such file or directory.
Failed to start openstack-nova-novncproxy.service: Unit openstack-nova-novncproxy.service failed to load: No such file or directory.
+ '[' '!' -f /root/.ssh/id_rsa ']'
+ echo 'start connection'
start connection
+ mkdir /root/.ssh
+ chmod 700 /root/.ssh
+ ssh-keygen -f id_rsa -t rsa -N ''
Generating public/private rsa key pair.
Your identification has been saved in id_rsa.
Your public key has been saved in id_rsa.pub.
The key fingerprint is:
f9:cf:57:d0:21:d5:f1:3a:c1:c4:69:f3:02:86:10:9c root@controller
The key's randomart image is:
+--[ RSA 2048]----+
|       .o+ . .o+o|
|        E . o+=.o|
|           . o++o|
|         .    ooo|
|        S     oo |
|         .     ..|
|          .    . |
|           o  .  |
|            o.   |
+-----------------+
+ cp id_rsa id_rsa.pub /root/.ssh/
+ rm -f id_rsa id_rsa.pub
+ node_ip=10.0.0.31
+ ./ssh_key_auth.sh 10.0.0.31
spawn ssh-copy-id 10.0.0.31
The authenticity of host '10.0.0.31 (10.0.0.31)' can't be established.
ECDSA key fingerprint is 9b:b8:96:a8:31:67:6f:39:7c:ad:a2:b5:8b:67:1e:d0.
Are you sure you want to continue connecting (yes/no)? yes
/usr/bin/ssh-copy-id: INFO: attempting to log in with the new key(s), to filter out any that are already installed
/usr/bin/ssh-copy-id: INFO: 1 key(s) remain to be installed -- if you are prompted now it is to install the new keys
root@10.0.0.31's password: 

Number of key(s) added: 1

Now try logging into the machine, with:   "ssh '10.0.0.31'"
and check to make sure that only the key(s) you wanted were added.

+ scp ssh_key_auth.sh compute_init.sh 'root@10.0.0.31:~'
+ '[' '!' -f /root/compute1_finished ']'
+ echo 'installing compute node'
+ ssh root@10.0.0.31 '~/compute_init.sh'
installing compute node
+ sleep 10
+ '[' '!' -f /root/compute1_finished ']'
+ echo 'installing compute node'
installing compute node
+ sleep 10
+ '[' '!' -f /root/compute1_finished ']'
+ echo 'installing compute node'
installing compute node
+ sleep 10
+ '[' '!' -f /root/compute1_finished ']'
+ echo 'installing compute node'
installing compute node
+ sleep 10
+ '[' '!' -f /root/compute1_finished ']'
+ echo 'installing compute node'
installing compute node
+ sleep 10
+ '[' '!' -f /root/compute1_finished ']'
+ echo 'installing compute node'
installing compute node
+ sleep 10
+ '[' '!' -f /root/compute1_finished ']'
+ echo 'installing compute node'
installing compute node
+ sleep 10
+ '[' '!' -f /root/compute1_finished ']'
+ echo 'installing compute node'
installing compute node
+ sleep 10
+ '[' '!' -f /root/compute1_finished ']'
+ echo 'installing compute node'
installing compute node
+ sleep 10
+ '[' '!' -f /root/compute1_finished ']'
+ echo 'installing compute node'
installing compute node
+ sleep 10
+ '[' '!' -f /root/compute1_finished ']'
+ echo 'installing compute node'
installing compute node
+ sleep 10
+ '[' '!' -f /root/compute1_finished ']'
+ echo 'installing compute node'
installing compute node
+ sleep 10
+ '[' '!' -f /root/compute1_finished ']'
+ echo 'installing compute node'
installing compute node
+ sleep 10
+ '[' '!' -f /root/compute1_finished ']'
+ echo 'installing compute node'
installing compute node
+ sleep 10
+ '[' '!' -f /root/compute1_finished ']'
+ echo 'installing compute node'
installing compute node
+ sleep 10
+ '[' '!' -f /root/compute1_finished ']'
+ echo 'installing compute node'
installing compute node
+ sleep 10
+ '[' '!' -f /root/compute1_finished ']'
+ echo 'installing compute node'
installing compute node
+ sleep 10
+ '[' '!' -f /root/compute1_finished ']'
+ echo 'installing compute node'
installing compute node
+ sleep 10
+ '[' '!' -f /root/compute1_finished ']'
+ echo 'installing compute node'
installing compute node
+ sleep 10
+ '[' '!' -f /root/compute1_finished ']'
+ echo 'installing compute node'
installing compute node
+ sleep 10
+ '[' '!' -f /root/compute1_finished ']'
+ echo 'installing compute node'
installing compute node
+ sleep 10
+ '[' '!' -f /root/compute1_finished ']'
+ echo 'installing compute node'
installing compute node
+ sleep 10
+ '[' '!' -f /root/compute1_finished ']'
+ echo 'installing compute node'
installing compute node
+ sleep 10
+ '[' '!' -f /root/compute1_finished ']'
+ echo 'installing compute node'
installing compute node
+ sleep 10
+ '[' '!' -f /root/compute1_finished ']'
+ echo 'installing compute node'
installing compute node
+ sleep 10
+ '[' '!' -f /root/compute1_finished ']'
+ echo 'installing compute node'
installing compute node
+ sleep 10
+ '[' '!' -f /root/compute1_finished ']'
+ echo 'installing compute node'
installing compute node
+ sleep 10
+ '[' '!' -f /root/compute1_finished ']'
+ echo 'installing compute node'
installing compute node
+ sleep 10
+ '[' '!' -f /root/compute1_finished ']'
+ echo 'installing compute node'
installing compute node
+ sleep 10
+ '[' '!' -f /root/compute1_finished ']'
+ echo 'installing compute node'
installing compute node
+ sleep 10
+ '[' '!' -f /root/compute1_finished ']'
+ echo 'installing compute node'
installing compute node
+ sleep 10
+ '[' '!' -f /root/compute1_finished ']'
+ echo 'installing compute node'
installing compute node
+ sleep 10
+ '[' '!' -f /root/compute1_finished ']'
+ echo 'installing compute node'
installing compute node
+ sleep 10
+ '[' '!' -f /root/compute1_finished ']'
+ echo 'installing compute node'
installing compute node
+ sleep 10
+ '[' '!' -f /root/compute1_finished ']'
+ echo 'installing compute node'
installing compute node
+ sleep 10
+ '[' '!' -f /root/compute1_finished ']'
+ echo 'installing compute node'
installing compute node
+ sleep 10
+ '[' '!' -f /root/compute1_finished ']'
+ echo 'installing compute node'
installing compute node
+ sleep 10
+ '[' '!' -f /root/compute1_finished ']'
+ echo 'installing compute node'
installing compute node
+ sleep 10
+ '[' '!' -f /root/compute1_finished ']'
+ echo 'installing compute node'
installing compute node
+ sleep 10
+ '[' '!' -f /root/compute1_finished ']'
+ echo 'installing compute node'
installing compute node
+ sleep 10
+ '[' '!' -f /root/compute1_finished ']'
+ echo 'installing compute node'
installing compute node
+ sleep 10
+ '[' '!' -f /root/compute1_finished ']'
+ echo 'installing compute node'
installing compute node
+ sleep 10
+ '[' '!' -f /root/compute1_finished ']'
+ echo 'installing compute node'
installing compute node
+ sleep 10
+ '[' '!' -f /root/compute1_finished ']'
+ echo 'installing compute node'
installing compute node
+ sleep 10
+ '[' '!' -f /root/compute1_finished ']'
+ echo 'installing compute node'
installing compute node
+ sleep 10
+ '[' '!' -f /root/compute1_finished ']'
+ echo 'installing compute node'
installing compute node
+ sleep 10
+ '[' '!' -f /root/compute1_finished ']'
+ echo 'installing compute node'
installing compute node
+ sleep 10
