+ cd /root/work/glance_service
+ firewall-cmd --add-port=9393/tcp --permanent
success
+ firewall-cmd --reload
success
+ mysql -u root -pSuper123
+ . admin-openrc
++ export OS_PROJECT_DOMAIN_NAME=default
++ OS_PROJECT_DOMAIN_NAME=default
++ export OS_USER_DOMAIN_NAME=default
++ OS_USER_DOMAIN_NAME=default
++ export OS_PROJECT_NAME=admin
++ OS_PROJECT_NAME=admin
++ export OS_USERNAME=admin
++ OS_USERNAME=admin
++ export OS_PASSWORD=Super123
++ OS_PASSWORD=Super123
++ export OS_AUTH_URL=http://controller:35357/v3
++ OS_AUTH_URL=http://controller:35357/v3
++ export OS_IDENTITY_API_VERSION=3
++ OS_IDENTITY_API_VERSION=3
++ export OS_IMAGE_API_VERSION=2
++ OS_IMAGE_API_VERSION=2
++ export OS_IMAGE_API_VERSION=2
++ OS_IMAGE_API_VERSION=2
++ export OS_IMAGE_API_VERSION=2
++ OS_IMAGE_API_VERSION=2
++ export OS_IMAGE_API_VERSION=2
++ OS_IMAGE_API_VERSION=2
++ export OS_IMAGE_API_VERSION=2
++ OS_IMAGE_API_VERSION=2
++ export OS_IMAGE_API_VERSION=2
++ OS_IMAGE_API_VERSION=2
++ export OS_IMAGE_API_VERSION=2
++ OS_IMAGE_API_VERSION=2
+ yum -y install expect
+ . ./sub_glanceuser_create.sh
++ spawn openstack user create --domain default --password-prompt glance
./sub_glanceuser_create.sh: line 2: spawn: command not found
++ expect 'User Password*' '{' send 'Super123\r' '}'
couldn't read file "User Password*": no such file or directory
++ expect '*Password*:' '{' send 'Super123\r' '}'
couldn't read file "*Password*:": no such file or directory
++ interact
./sub_glanceuser_create.sh: line 5: interact: command not found
+ openstack role add --project service --user glance admin
The request you have made requires authentication. (HTTP 401) (Request-ID: req-e78c6f9b-4591-42b6-b9c7-59beb0ca19f3)
+ openstack service create --name glance --description 'OpenStack Image service' image
The request you have made requires authentication. (HTTP 401) (Request-ID: req-c6fa6561-e761-4ef4-98f1-fefa4ff1dd7e)
+ openstack endpoint create --region RegionOne image public http://controller:9292
The request you have made requires authentication. (HTTP 401) (Request-ID: req-270369df-474a-44c5-b49a-be26ed0a2f7f)
+ openstack endpoint create --region RegionOne image internal http://controller:9292
The request you have made requires authentication. (HTTP 401) (Request-ID: req-b60c8ac9-7ecb-403e-9f7a-d188b2aed695)
+ openstack endpoint create --region RegionOne image admin http://controller:9292
The request you have made requires authentication. (HTTP 401) (Request-ID: req-b71bb5a5-a977-4c30-8e6e-2c158721a3e6)
+ echo 'installing glance package on controller'
installing glance package on controller
+ yum -y install openstack-glance wget
+ openstack-config --set /etc/glance/glance-api.conf database connection mysql+pymysql://glance:Super123@controller/glance
+ openstack-config --set /etc/glance/glance-api.conf keystone_authtoken auth_uri http://controller:5000
+ openstack-config --set /etc/glance/glance-api.conf keystone_authtoken auth_url http://controller:35357
+ openstack-config --set /etc/glance/glance-api.conf keystone_authtoken memcached_servers controller:11211
+ openstack-config --set /etc/glance/glance-api.conf keystone_authtoken auth_type password
+ openstack-config --set /etc/glance/glance-api.conf keystone_authtoken project_domain_name default
+ openstack-config --set /etc/glance/glance-api.conf keystone_authtoken user_domain_name default
+ openstack-config --set /etc/glance/glance-api.conf keystone_authtoken project_name service
+ openstack-config --set /etc/glance/glance-api.conf keystone_authtoken username glance
+ openstack-config --set /etc/glance/glance-api.conf keystone_authtoken password Super123
+ openstack-config --set /etc/glance/glance-api.conf paste_deploy flavor keystone
+ openstack-config --set /etc/glance/glance-api.conf glance_store default_store file
+ openstack-config --set /etc/glance/glance-api.conf glance_store store file,http
+ openstack-config --set /etc/glance/glance-api.conf glance_store filesystem_store_datadir /var/lib/glance/images/
+ openstack-config --set /etc/glance/glance-api.conf DEFAULT verbose True
+ openstack-config --set /etc/glance/glance-registry.conf database connection mysql+pymysql://glance:Super123@controller/glance
+ openstack-config --set /etc/glance/glance-registry.conf keystone_authtoken auth_uri http://controller:5000
+ openstack-config --set /etc/glance/glance-registry.conf keystone_authtoken auth_url http://controller:35357
+ openstack-config --set /etc/glance/glance-registry.conf keystone_authtoken memcached_servers controller:11211
+ openstack-config --set /etc/glance/glance-registry.conf keystone_authtoken auth_type password
+ openstack-config --set /etc/glance/glance-registry.conf keystone_authtoken project_domain_name default
+ openstack-config --set /etc/glance/glance-registry.conf keystone_authtoken user_domain_name default
+ openstack-config --set /etc/glance/glance-registry.conf keystone_authtoken project_name service
+ openstack-config --set /etc/glance/glance-registry.conf keystone_authtoken username glance
+ openstack-config --set /etc/glance/glance-registry.conf keystone_authtoken password Super123
+ openstack-config --set /etc/glance/glance-registry.conf paste_deploy flavor keystone
+ openstack-config --set /etc/glance/glance-registry.conf DEFAULT verbose True
+ su -s /bin/sh -c 'glance-manage db_sync' glance
Option "verbose" from group "DEFAULT" is deprecated for removal.  Its value may be silently ignored in the future.
/usr/lib/python2.7/site-packages/oslo_db/sqlalchemy/enginefacade.py:1056: OsloDBDeprecationWarning: EngineFacade is deprecated; please use oslo_db.sqlalchemy.enginefacade
  expire_on_commit=expire_on_commit, _conf=conf)
/usr/lib/python2.7/site-packages/pymysql/cursors.py:146: Warning: Duplicate index 'ix_image_properties_image_id_name' defined on the table 'glance.image_properties'. This is deprecated and will be disallowed in a future release.
  result = self._query(query)
+ systemctl enable openstack-glance-api.service openstack-glance-registry.service
Created symlink from /etc/systemd/system/multi-user.target.wants/openstack-glance-api.service to /usr/lib/systemd/system/openstack-glance-api.service.
Created symlink from /etc/systemd/system/multi-user.target.wants/openstack-glance-registry.service to /usr/lib/systemd/system/openstack-glance-registry.service.
+ systemctl start openstack-glance-api.service openstack-glance-registry.service
+ wget http://download.cirros-cloud.net/0.3.4/cirros-0.3.4-x86_64-disk.img
--2016-04-29 09:42:35--  http://download.cirros-cloud.net/0.3.4/cirros-0.3.4-x86_64-disk.img
Resolving download.cirros-cloud.net (download.cirros-cloud.net)... 64.90.42.85
Connecting to download.cirros-cloud.net (download.cirros-cloud.net)|64.90.42.85|:80... connected.
HTTP request sent, awaiting response... 200 OK
Length: 13287936 (13M) [text/plain]
Saving to: ‘cirros-0.3.4-x86_64-disk.img’

     0K .......... .......... .......... .......... ..........  0%  602K 21s
    50K .......... .......... .......... .......... ..........  0%  898K 18s
   100K .......... .......... .......... .......... ..........  1% 1.79M 14s
   150K .......... .......... .......... .......... ..........  1%  901K 14s
   200K .......... .......... .......... .......... ..........  1% 1.76M 13s
   250K .......... .......... .......... .......... ..........  2% 1.72M 12s
   300K .......... .......... .......... .......... ..........  2% 1.78M 11s
   350K .......... .......... .......... .......... ..........  3% 1.76M 10s
   400K .......... .......... .......... .......... ..........  3% 1.75M 10s
   450K .......... .......... .......... .......... ..........  3% 1.80M 10s
   500K .......... .......... .......... .......... ..........  4% 1.80M 9s
   550K .......... .......... .......... .......... ..........  4% 34.2M 9s
   600K .......... .......... .......... .......... ..........  5% 1.31M 9s
   650K .......... .......... .......... .......... ..........  5% 2.86M 8s
   700K .......... .......... .......... .......... ..........  5%  108M 8s
   750K .......... .......... .......... .......... ..........  6% 1.72M 8s
   800K .......... .......... .......... .......... ..........  6%  300M 7s
   850K .......... .......... .......... .......... ..........  6% 1.81M 7s
   900K .......... .......... .......... .......... ..........  7%  178M 7s
   950K .......... .......... .......... .......... ..........  7% 1.78M 7s
  1000K .......... .......... .......... .......... ..........  8% 95.2M 6s
  1050K .......... .......... .......... .......... ..........  8% 1.78M 6s
  1100K .......... .......... .......... .......... ..........  8% 89.0M 6s
  1150K .......... .......... .......... .......... ..........  9% 1.82M 6s
  1200K .......... .......... .......... .......... ..........  9% 39.7M 6s
  1250K .......... .......... .......... .......... .......... 10% 1.87M 6s
  1300K .......... .......... .......... .......... .......... 10% 44.6M 5s
  1350K .......... .......... .......... .......... .......... 10% 1.86M 5s
  1400K .......... .......... .......... .......... .......... 11% 31.6M 5s
  1450K .......... .......... .......... .......... .......... 11% 1.86M 5s
  1500K .......... .......... .......... .......... .......... 11% 35.1M 5s
  1550K .......... .......... .......... .......... .......... 12% 70.3M 5s
  1600K .......... .......... .......... .......... .......... 12% 1.78M 5s
  1650K .......... .......... .......... .......... .......... 13%  388M 5s
  1700K .......... .......... .......... .......... .......... 13% 1.80M 5s
  1750K .......... .......... .......... .......... .......... 13% 55.7M 5s
  1800K .......... .......... .......... .......... .......... 14% 1.89M 5s
  1850K .......... .......... .......... .......... .......... 14% 34.5M 5s
  1900K .......... .......... .......... .......... .......... 15%  390M 4s
  1950K .......... .......... .......... .......... .......... 15% 1.83M 4s
  2000K .......... .......... .......... .......... .......... 15% 59.1M 4s
  2050K .......... .......... .......... .......... .......... 16% 1.88M 4s
  2100K .......... .......... .......... .......... .......... 16% 35.3M 4s
  2150K .......... .......... .......... .......... .......... 16% 48.3M 4s
  2200K .......... .......... .......... .......... .......... 17% 1.88M 4s
  2250K .......... .......... .......... .......... .......... 17% 59.5M 4s
  2300K .......... .......... .......... .......... .......... 18% 74.7M 4s
  2350K .......... .......... .......... .......... .......... 18% 1.86M 4s
  2400K .......... .......... .......... .......... .......... 18% 61.7M 4s
  2450K .......... .......... .......... .......... .......... 19% 45.5M 4s
  2500K .......... .......... .......... .......... .......... 19% 1.87M 4s
  2550K .......... .......... .......... .......... .......... 20% 68.2M 4s
  2600K .......... .......... .......... .......... .......... 20% 30.6M 4s
  2650K .......... .......... .......... .......... .......... 20% 95.5M 3s
  2700K .......... .......... .......... .......... .......... 21% 1.94M 4s
  2750K .......... .......... .......... .......... .......... 21% 25.4M 3s
  2800K .......... .......... .......... .......... .......... 21% 27.8M 3s
  2850K .......... .......... .......... .......... .......... 22% 1.58M 3s
  2900K .......... .......... .......... .......... .......... 22% 51.6M 3s
  2950K .......... .......... .......... .......... .......... 23%  303M 3s
  3000K .......... .......... .......... .......... .......... 23% 2.17M 3s
  3050K .......... .......... .......... .......... .......... 23% 41.6M 3s
  3100K .......... .......... .......... .......... .......... 24%  209M 3s
  3150K .......... .......... .......... .......... .......... 24% 2.05M 3s
  3200K .......... .......... .......... .......... .......... 25%  218M 3s
  3250K .......... .......... .......... .......... .......... 25% 27.6M 3s
  3300K .......... .......... .......... .......... .......... 25% 74.3M 3s
  3350K .......... .......... .......... .......... .......... 26% 1.96M 3s
  3400K .......... .......... .......... .......... .......... 26% 58.9M 3s
  3450K .......... .......... .......... .......... .......... 26% 21.3M 3s
  3500K .......... .......... .......... .......... .......... 27% 1.74M 3s
  3550K .......... .......... .......... .......... .......... 27%  219M 3s
  3600K .......... .......... .......... .......... .......... 28%  253M 3s
  3650K .......... .......... .......... .......... .......... 28%  109M 3s
  3700K .......... .......... .......... .......... .......... 28%  413K 3s
  3750K .......... .......... .......... .......... .......... 29% 1.18M 3s
  3800K .......... .......... .......... .......... .......... 29% 27.5M 3s
  3850K .......... .......... .......... .......... .......... 30% 18.4M 3s
  3900K .......... .......... .......... .......... .......... 30% 37.1M 3s
  3950K .......... .......... .......... .......... .......... 30% 64.4M 3s
  4000K .......... .......... .......... .......... .......... 31%  307M 3s
  4050K .......... .......... .......... .......... .......... 31%  316M 3s
  4100K .......... .......... .......... .......... .......... 31%  352M 3s
  4150K .......... .......... .......... .......... .......... 32%  403M 3s
  4200K .......... .......... .......... .......... .......... 32%  411M 3s
  4250K .......... .......... .......... .......... .......... 33%  221M 3s
  4300K .......... .......... .......... .......... .......... 33%  408M 2s
  4350K .......... .......... .......... .......... .......... 33%  379M 2s
  4400K .......... .......... .......... .......... .......... 34%  399M 2s
  4450K .......... .......... .......... .......... .......... 34% 3.54M 2s
  4500K .......... .......... .......... .......... .......... 35%  338M 2s
  4550K .......... .......... .......... .......... .......... 35%  383M 2s
  4600K .......... .......... .......... .......... .......... 35%  407M 2s
  4650K .......... .......... .......... .......... .......... 36% 1.77M 2s
  4700K .......... .......... .......... .......... .......... 36%  139M 2s
  4750K .......... .......... .......... .......... .......... 36%  196M 2s
  4800K .......... .......... .......... .......... .......... 37%  159M 2s
  4850K .......... .......... .......... .......... .......... 37%  198M 2s
  4900K .......... .......... .......... .......... .......... 38% 1.90M 2s
  4950K .......... .......... .......... .......... .......... 38% 68.2M 2s
  5000K .......... .......... .......... .......... .......... 38% 32.4M 2s
  5050K .......... .......... .......... .......... .......... 39%  141M 2s
  5100K .......... .......... .......... .......... .......... 39% 1.88M 2s
  5150K .......... .......... .......... .......... .......... 40% 78.3M 2s
  5200K .......... .......... .......... .......... .......... 40% 71.0M 2s
  5250K .......... .......... .......... .......... .......... 40% 24.7M 2s
  5300K .......... .......... .......... .......... .......... 41%  245M 2s
  5350K .......... .......... .......... .......... .......... 41% 1.93M 2s
  5400K .......... .......... .......... .......... .......... 41% 23.2M 2s
  5450K .......... .......... .......... .......... .......... 42% 94.0M 2s
  5500K .......... .......... .......... .......... .......... 42%  335M 2s
  5550K .......... .......... .......... .......... .......... 43%  383M 2s
  5600K .......... .......... .......... .......... .......... 43% 2.15M 2s
  5650K .......... .......... .......... .......... .......... 43% 12.6M 2s
  5700K .......... .......... .......... .......... .......... 44% 82.1M 2s
  5750K .......... .......... .......... .......... .......... 44%  285M 2s
  5800K .......... .......... .......... .......... .......... 45%  293M 2s
  5850K .......... .......... .......... .......... .......... 45% 1.88M 2s
  5900K .......... .......... .......... .......... .......... 45% 28.4M 2s
  5950K .......... .......... .......... .......... .......... 46%  165M 2s
  6000K .......... .......... .......... .......... .......... 46%  116M 2s
  6050K .......... .......... .......... .......... .......... 47% 1.63M 2s
  6100K .......... .......... .......... .......... .......... 47% 11.2M 2s
  6150K .......... .......... .......... .......... .......... 47%  121M 2s
  6200K .......... .......... .......... .......... .......... 48%  213M 2s
  6250K .......... .......... .......... .......... .......... 48%  192M 2s
  6300K .......... .......... .......... .......... .......... 48% 2.38M 2s
  6350K .......... .......... .......... .......... .......... 49%  126M 2s
  6400K .......... .......... .......... .......... .......... 49%  243M 2s
  6450K .......... .......... .......... .......... .......... 50%  293M 1s
  6500K .......... .......... .......... .......... .......... 50%  119M 1s
  6550K .......... .......... .......... .......... .......... 50% 1.93M 1s
  6600K .......... .......... .......... .......... .......... 51% 43.9M 1s
  6650K .......... .......... .......... .......... .......... 51%  272M 1s
  6700K .......... .......... .......... .......... .......... 52%  243M 1s
  6750K .......... .......... .......... .......... .......... 52%  192M 1s
  6800K .......... .......... .......... .......... .......... 52% 1.81M 1s
  6850K .......... .......... .......... .......... .......... 53% 23.6M 1s
  6900K .......... .......... .......... .......... .......... 53%  262M 1s
  6950K .......... .......... .......... .......... .......... 53%  249M 1s
  7000K .......... .......... .......... .......... .......... 54%  296M 1s
  7050K .......... .......... .......... .......... .......... 54%  220M 1s
  7100K .......... .......... .......... .......... .......... 55% 2.00M 1s
  7150K .......... .......... .......... .......... .......... 55% 39.2M 1s
  7200K .......... .......... .......... .......... .......... 55%  312M 1s
  7250K .......... .......... .......... .......... .......... 56% 16.6M 1s
  7300K .......... .......... .......... .......... .......... 56% 66.4M 1s
  7350K .......... .......... .......... .......... .......... 57% 2.11M 1s
  7400K .......... .......... .......... .......... .......... 57%  344M 1s
  7450K .......... .......... .......... .......... .......... 57% 20.9M 1s
  7500K .......... .......... .......... .......... .......... 58% 69.4M 1s
  7550K .......... .......... .......... .......... .......... 58%  386M 1s
  7600K .......... .......... .......... .......... .......... 58% 1.97M 1s
  7650K .......... .......... .......... .......... .......... 59%  356M 1s
  7700K .......... .......... .......... .......... .......... 59%  361M 1s
  7750K .......... .......... .......... .......... .......... 60% 19.7M 1s
  7800K .......... .......... .......... .......... .......... 60%  127M 1s
  7850K .......... .......... .......... .......... .......... 60% 1.99M 1s
  7900K .......... .......... .......... .......... .......... 61% 58.0M 1s
  7950K .......... .......... .......... .......... .......... 61%  387M 1s
  8000K .......... .......... .......... .......... .......... 62%  391M 1s
  8050K .......... .......... .......... .......... .......... 62% 17.0M 1s
  8100K .......... .......... .......... .......... .......... 62%  215M 1s
  8150K .......... .......... .......... .......... .......... 63%  385M 1s
  8200K .......... .......... .......... .......... .......... 63% 2.06M 1s
  8250K .......... .......... .......... .......... .......... 63% 77.3M 1s
  8300K .......... .......... .......... .......... .......... 64%  380M 1s
  8350K .......... .......... .......... .......... .......... 64% 15.8M 1s
  8400K .......... .......... .......... .......... .......... 65% 47.7M 1s
  8450K .......... .......... .......... .......... .......... 65%  407M 1s
  8500K .......... .......... .......... .......... .......... 65%  410M 1s
  8550K .......... .......... .......... .......... .......... 66% 2.07M 1s
  8600K .......... .......... .......... .......... .......... 66% 90.1M 1s
  8650K .......... .......... .......... .......... .......... 67%  385M 1s
  8700K .......... .......... .......... .......... .......... 67% 25.9M 1s
  8750K .......... .......... .......... .......... .......... 67% 52.0M 1s
  8800K .......... .......... .......... .......... .......... 68% 9.23M 1s
  8850K .......... .......... .......... .......... .......... 68% 2.36M 1s
  8900K .......... .......... .......... .......... .......... 68% 16.4M 1s
  8950K .......... .......... .......... .......... .......... 69% 26.2M 1s
  9000K .......... .......... .......... .......... .......... 69%  395M 1s
  9050K .......... .......... .......... .......... .......... 70%  406M 1s
  9100K .......... .......... .......... .......... .......... 70%  427M 1s
  9150K .......... .......... .......... .......... .......... 70%  334M 1s
  9200K .......... .......... .......... .......... .......... 71% 2.44M 1s
  9250K .......... .......... .......... .......... .......... 71% 14.9M 1s
  9300K .......... .......... .......... .......... .......... 72% 48.2M 1s
  9350K .......... .......... .......... .......... .......... 72%  373M 1s
  9400K .......... .......... .......... .......... .......... 72% 20.6M 1s
  9450K .......... .......... .......... .......... .......... 73% 47.1M 1s
  9500K .......... .......... .......... .......... .......... 73%  387M 1s
  9550K .......... .......... .......... .......... .......... 73%  233M 1s
  9600K .......... .......... .......... .......... .......... 74% 1.80M 1s
  9650K .......... .......... .......... .......... .......... 74% 18.0M 1s
  9700K .......... .......... .......... .......... .......... 75% 95.9M 1s
  9750K .......... .......... .......... .......... .......... 75%  418M 1s
  9800K .......... .......... .......... .......... .......... 75%  420M 1s
  9850K .......... .......... .......... .......... .......... 76%  374M 1s
  9900K .......... .......... .......... .......... .......... 76%  216M 1s
  9950K .......... .......... .......... .......... .......... 77% 1.94M 1s
 10000K .......... .......... .......... .......... .......... 77% 23.1M 1s
 10050K .......... .......... .......... .......... .......... 77%  393M 1s
 10100K .......... .......... .......... .......... .......... 78%  436M 1s
 10150K .......... .......... .......... .......... .......... 78%  407M 1s
 10200K .......... .......... .......... .......... .......... 78% 2.55M 0s
 10250K .......... .......... .......... .......... .......... 79% 26.0M 0s
 10300K .......... .......... .......... .......... .......... 79% 55.8M 0s
 10350K .......... .......... .......... .......... .......... 80%  418M 0s
 10400K .......... .......... .......... .......... .......... 80% 13.7M 0s
 10450K .......... .......... .......... .......... .......... 80% 88.6M 0s
 10500K .......... .......... .......... .......... .......... 81%  213M 0s
 10550K .......... .......... .......... .......... .......... 81% 2.30M 0s
 10600K .......... .......... .......... .......... .......... 82% 43.0K 1s
 10650K .......... .......... .......... .......... .......... 82% 11.6M 1s
 10700K .......... .......... .......... .......... .......... 82% 8.17M 1s
 10750K .......... .......... .......... .......... .......... 83% 11.6M 1s
 10800K .......... .......... .......... .......... .......... 83% 11.9M 1s
 10850K .......... .......... .......... .......... .......... 83% 13.7M 1s
 10900K .......... .......... .......... .......... .......... 84% 15.8M 1s
 10950K .......... .......... .......... .......... .......... 84% 9.93M 1s
 11000K .......... .......... .......... .......... .......... 85% 14.3M 1s
 11050K .......... .......... .......... .......... .......... 85% 26.8M 1s
 11100K .......... .......... .......... .......... .......... 85%  280M 1s
 11150K .......... .......... .......... .......... .......... 86%  319M 0s
 11200K .......... .......... .......... .......... .......... 86%  183M 0s
 11250K .......... .......... .......... .......... .......... 87%  300M 0s
 11300K .......... .......... .......... .......... .......... 87%  303M 0s
 11350K .......... .......... .......... .......... .......... 87%  326M 0s
 11400K .......... .......... .......... .......... .......... 88%  258M 0s
 11450K .......... .......... .......... .......... .......... 88% 38.5M 0s
 11500K .......... .......... .......... .......... .......... 89%  304M 0s
 11550K .......... .......... .......... .......... .......... 89%  311M 0s
 11600K .......... .......... .......... .......... .......... 89%  246M 0s
 11650K .......... .......... .......... .......... .......... 90%  328M 0s
 11700K .......... .......... .......... .......... .......... 90%  305M 0s
 11750K .......... .......... .......... .......... .......... 90%  332M 0s
 11800K .......... .......... .......... .......... .......... 91%  291M 0s
 11850K .......... .......... .......... .......... .......... 91%  330M 0s
 11900K .......... .......... .......... .......... .......... 92%  339M 0s
 11950K .......... .......... .......... .......... .......... 92%  337M 0s
 12000K .......... .......... .......... .......... .......... 92%  290M 0s
 12050K .......... .......... .......... .......... .......... 93%  190M 0s
 12100K .......... .......... .......... .......... .......... 93%  236M 0s
 12150K .......... .......... .......... .......... .......... 94%  331M 0s
 12200K .......... .......... .......... .......... .......... 94%  323M 0s
 12250K .......... .......... .......... .......... .......... 94%  360M 0s
 12300K .......... .......... .......... .......... .......... 95%  236M 0s
 12350K .......... .......... .......... .......... .......... 95%  326M 0s
 12400K .......... .......... .......... .......... .......... 95%  319M 0s
 12450K .......... .......... .......... .......... .......... 96%  374M 0s
 12500K .......... .......... .......... .......... .......... 96%  378M 0s
 12550K .......... .......... .......... .......... .......... 97%  255M 0s
 12600K .......... .......... .......... .......... .......... 97%  308M 0s
 12650K .......... .......... .......... .......... .......... 97%  366M 0s
 12700K .......... .......... .......... .......... .......... 98%  347M 0s
 12750K .......... .......... .......... .......... .......... 98%  375M 0s
 12800K .......... .......... .......... .......... .......... 99%  311M 0s
 12850K .......... .......... .......... .......... .......... 99% 6.47M 0s
 12900K .......... .......... .......... .......... .......... 99% 63.6K 0s
 12950K .......... .......... ......                          100%  152M=3.9s

2016-04-29 09:42:39 (3.26 MB/s) - ‘cirros-0.3.4-x86_64-disk.img’ saved [13287936/13287936]

+ echo 'export OS_IMAGE_API_VERSION=2' ' '
+ tee -a admin-openrc demo-openrc
export OS_IMAGE_API_VERSION=2  
+ . admin-openrc
++ export OS_PROJECT_DOMAIN_NAME=default
++ OS_PROJECT_DOMAIN_NAME=default
++ export OS_USER_DOMAIN_NAME=default
++ OS_USER_DOMAIN_NAME=default
++ export OS_PROJECT_NAME=admin
++ OS_PROJECT_NAME=admin
++ export OS_USERNAME=admin
++ OS_USERNAME=admin
++ export OS_PASSWORD=Super123
++ OS_PASSWORD=Super123
++ export OS_AUTH_URL=http://controller:35357/v3
++ OS_AUTH_URL=http://controller:35357/v3
++ export OS_IDENTITY_API_VERSION=3
++ OS_IDENTITY_API_VERSION=3
++ export OS_IMAGE_API_VERSION=2
++ OS_IMAGE_API_VERSION=2
++ export OS_IMAGE_API_VERSION=2
++ OS_IMAGE_API_VERSION=2
++ export OS_IMAGE_API_VERSION=2
++ OS_IMAGE_API_VERSION=2
++ export OS_IMAGE_API_VERSION=2
++ OS_IMAGE_API_VERSION=2
++ export OS_IMAGE_API_VERSION=2
++ OS_IMAGE_API_VERSION=2
++ export OS_IMAGE_API_VERSION=2
++ OS_IMAGE_API_VERSION=2
++ export OS_IMAGE_API_VERSION=2
++ OS_IMAGE_API_VERSION=2
++ export OS_IMAGE_API_VERSION=2
++ OS_IMAGE_API_VERSION=2
+ glance image-create --name cirros --file cirros-0.3.4-x86_64-disk.img --disk-format qcow2 --container-format bare --visibility public --progress
The request you have made requires authentication. (HTTP 401) (Request-ID: req-2dd962a4-72ff-4390-9b2a-1e305b8cbc95)
+ glance image-list
The request you have made requires authentication. (HTTP 401) (Request-ID: req-53373c14-b0dc-4a1f-95bc-de2fad45ce48)
+ glaneceResult=1
+ [[ '' -eq 1 ]]
+ echo 'Pass glance service installation'
Pass glance service installation
+ rm -f cirros-0.3.4-x86_64-disk.img
+ exit 0
