+ mysql -u root -pSuper123
+ cd /root/work/identity_service
++ openssl rand -hex 10
+ ADMIN_TOKEN=74e017509d0503d7349c
+ echo 'installing keystone package on controller'
installing keystone package on controller
+ yum install -y openstack-keystone openstack-utils httpd mod_wsgi expect
+ yum install -y memcached python-memcached
+ systemctl enable memcached.service
+ systemctl start memcached.service
+ openstack-config --set /etc/keystone/keystone.conf DEFAULT admin_token 74e017509d0503d7349c
+ openstack-config --set /etc/keystone/keystone.conf database connection mysql+pymysql://keystone:Super123@controller/keystone
+ openstack-config --set /etc/keystone/keystone.conf token provider fernet
+ su -s /bin/sh -c 'keystone-manage db_sync' keystone
+ keystone-manage fernet_setup --keystone-user keystone --keystone-group keystone
+ /usr/sbin/semanage fcontext -a -t keystone_cgi_ra_content_t '/etc/keystone/fernet-keys(/.*)?'
+ /sbin/restorecon -R -v /etc/keystone/fernet-keys
/sbin/restorecon reset /etc/keystone/fernet-keys context unconfined_u:object_r:etc_t:s0->unconfined_u:object_r:keystone_cgi_ra_content_t:s0
/sbin/restorecon reset /etc/keystone/fernet-keys/1 context unconfined_u:object_r:etc_t:s0->unconfined_u:object_r:keystone_cgi_ra_content_t:s0
/sbin/restorecon reset /etc/keystone/fernet-keys/0 context unconfined_u:object_r:etc_t:s0->unconfined_u:object_r:keystone_cgi_ra_content_t:s0
+ ./sub_httpd_edited.sh
ServerName controller
+ ./sub_wsgikeystone_create.sh
+ systemctl enable httpd.service
Created symlink from /etc/systemd/system/multi-user.target.wants/httpd.service to /usr/lib/systemd/system/httpd.service.
+ systemctl start httpd.service
+ export OS_TOKEN=74e017509d0503d7349c
+ OS_TOKEN=74e017509d0503d7349c
+ export OS_URL=http://controller:35357/v3
+ OS_URL=http://controller:35357/v3
+ export OS_IDENTITY_API_VERSION=3
+ OS_IDENTITY_API_VERSION=3
+ openstack service create --name keystone --description 'OpenStack Identity' identity
+-------------+----------------------------------+
| Field       | Value                            |
+-------------+----------------------------------+
| description | OpenStack Identity               |
| enabled     | True                             |
| id          | 231ef1316e0d4c81bef627e291a1cebb |
| name        | keystone                         |
| type        | identity                         |
+-------------+----------------------------------+
+ openstack endpoint create --region RegionOne identity public http://controller:5000/v3
+--------------+----------------------------------+
| Field        | Value                            |
+--------------+----------------------------------+
| enabled      | True                             |
| id           | d94e07e2fdc34414b64bf555b8b77f0b |
| interface    | public                           |
| region       | RegionOne                        |
| region_id    | RegionOne                        |
| service_id   | 231ef1316e0d4c81bef627e291a1cebb |
| service_name | keystone                         |
| service_type | identity                         |
| url          | http://controller:5000/v3        |
+--------------+----------------------------------+
+ openstack endpoint create --region RegionOne identity internal http://controller:5000/v3
+--------------+----------------------------------+
| Field        | Value                            |
+--------------+----------------------------------+
| enabled      | True                             |
| id           | 176349a064504815a7a908d5ec28be29 |
| interface    | internal                         |
| region       | RegionOne                        |
| region_id    | RegionOne                        |
| service_id   | 231ef1316e0d4c81bef627e291a1cebb |
| service_name | keystone                         |
| service_type | identity                         |
| url          | http://controller:5000/v3        |
+--------------+----------------------------------+
+ openstack endpoint create --region RegionOne identity admin http://controller:35357/v3
+--------------+----------------------------------+
| Field        | Value                            |
+--------------+----------------------------------+
| enabled      | True                             |
| id           | 253ab95b53c649e6b67588dc8c7883cb |
| interface    | admin                            |
| region       | RegionOne                        |
| region_id    | RegionOne                        |
| service_id   | 231ef1316e0d4c81bef627e291a1cebb |
| service_name | keystone                         |
| service_type | identity                         |
| url          | http://controller:35357/v3       |
+--------------+----------------------------------+
+ openstack domain create --description 'Default Domain' default
+-------------+----------------------------------+
| Field       | Value                            |
+-------------+----------------------------------+
| description | Default Domain                   |
| enabled     | True                             |
| id          | a39af586683f404a9243687ce394c9f6 |
| name        | default                          |
+-------------+----------------------------------+
+ openstack project create --domain default --description 'Admin Project' admin
+-------------+----------------------------------+
| Field       | Value                            |
+-------------+----------------------------------+
| description | Admin Project                    |
| domain_id   | a39af586683f404a9243687ce394c9f6 |
| enabled     | True                             |
| id          | a56bae4ee4d04e8bb0a500933b256d9f |
| is_domain   | False                            |
| name        | admin                            |
| parent_id   | a39af586683f404a9243687ce394c9f6 |
+-------------+----------------------------------+
+ openstack user create --domain default --password Super123 admin
+-----------+----------------------------------+
| Field     | Value                            |
+-----------+----------------------------------+
| domain_id | a39af586683f404a9243687ce394c9f6 |
| enabled   | True                             |
| id        | 9a99dda4f0e248948ff5d54c029b4b65 |
| name      | admin                            |
+-----------+----------------------------------+
+ openstack role create admin
+-----------+----------------------------------+
| Field     | Value                            |
+-----------+----------------------------------+
| domain_id | None                             |
| id        | efbbb8e3ab374614825bdfea5d2b817b |
| name      | admin                            |
+-----------+----------------------------------+
+ openstack role add --project admin --user admin admin
+ openstack project create --domain default --description 'Service Project' service
+-------------+----------------------------------+
| Field       | Value                            |
+-------------+----------------------------------+
| description | Service Project                  |
| domain_id   | a39af586683f404a9243687ce394c9f6 |
| enabled     | True                             |
| id          | 747baee4317743b2ab3ff08cf038a1f0 |
| is_domain   | False                            |
| name        | service                          |
| parent_id   | a39af586683f404a9243687ce394c9f6 |
+-------------+----------------------------------+
+ openstack project create --domain default --description 'Demo Project' demo
+-------------+----------------------------------+
| Field       | Value                            |
+-------------+----------------------------------+
| description | Demo Project                     |
| domain_id   | a39af586683f404a9243687ce394c9f6 |
| enabled     | True                             |
| id          | 08711fca61644ff9b1ebabbaeb22b75c |
| is_domain   | False                            |
| name        | demo                             |
| parent_id   | a39af586683f404a9243687ce394c9f6 |
+-------------+----------------------------------+
+ openstack user create --domain default --password Super123 demo
+-----------+----------------------------------+
| Field     | Value                            |
+-----------+----------------------------------+
| domain_id | a39af586683f404a9243687ce394c9f6 |
| enabled   | True                             |
| id        | 44b15f2039524893a508611211466566 |
| name      | demo                             |
+-----------+----------------------------------+
+ openstack role create user
+-----------+----------------------------------+
| Field     | Value                            |
+-----------+----------------------------------+
| domain_id | None                             |
| id        | 09f8f64f5c5e4756a47e9a7dfbbbfa3c |
| name      | user                             |
+-----------+----------------------------------+
+ openstack role add --project demo --user demo user
+ ./sub_keystone-dist-paste_edited.sh
+ unset OS_TOKEN OS_URL
+ openstack --os-auth-url http://controller:35357/v3 --os-project-domain-name default --os-user-domain-name default --os-project-name admin --os-username admin --os-auth-type password --os-password Super123 token issue
+------------+-----------------------------------------------------------------------------------------------------------------------------------------------------------------------------------------+
| Field      | Value                                                                                                                                                                                   |
+------------+-----------------------------------------------------------------------------------------------------------------------------------------------------------------------------------------+
| expires    | 2016-04-29T20:43:56.411222Z                                                                                                                                                             |
| id         | gAAAAABXI7l8cF2gk_8mzCKTbyUZ7cGLwkwomDfOr1hF4e2Pjv1wi6W0CxvAkseuXshdw4FAZi7nYcx4DbRizQqz7kcMZOnA_E2WipDffRCuJWO6xm4r3-NKoqbtlIUBpKLbB6Rix1uEuy84md9Jb0u2JVTjkD5i8DknZ4QOiyaHWKQFjen7ARs |
| project_id | a56bae4ee4d04e8bb0a500933b256d9f                                                                                                                                                        |
| user_id    | 9a99dda4f0e248948ff5d54c029b4b65                                                                                                                                                        |
+------------+-----------------------------------------------------------------------------------------------------------------------------------------------------------------------------------------+
+ /usr/sbin/semanage fcontext -a -t keystone_cgi_ra_content_t '/etc/keystone/fernet-keys(/.*)?'
+ /sbin/restorecon -R -v /etc/keystone/fernet-keys
+ identityResult=0
+ [[ 0 -eq 1 ]]
+ echo 'Pass identity service installation'
Pass identity service installation
+ ./sub_openrc_create.sh
+ exit 0
